<?xml version="1.0" encoding="UTF-8"?>
<!-- Generated by org.testng.reporters.JUnitXMLReporter -->
<testsuite ignored="1" hostname="SHREE" failures="0" tests="1" name="Default test" time="3.636" errors="0" timestamp="2024-10-08T11:42:11 IST">
  <testcase classname="JSONArrayUsingJsonObject_List16.JSONArrayUsingJsonObject_List" name="CreateJSonArrayUsingList" time="3.575"/>
  <testcase classname="JSONArrayUsingJsonObject_List16.JSONArrayUsingJsonObject_List" name="createUserUsingJSONArray" time="0.0">
    <ignored/>
  </testcase> <!-- createUserUsingJSONArray -->
</testsuite> <!-- Default test -->
