<?xml version="1.0" encoding="UTF-8"?>
<testng-results ignored="0" total="2" passed="2" failed="0" skipped="0">
  <reporter-output>
  </reporter-output>
  <suite started-at="2024-10-08T17:40:58 IST" name="Default suite" finished-at="2024-10-08T17:41:07 IST" duration-ms="8600">
    <groups>
    </groups>
    <test started-at="2024-10-08T17:40:58 IST" name="Default test" finished-at="2024-10-08T17:41:07 IST" duration-ms="8600">
      <class name="ResponseSpecification29.DemoResponseSpec">
        <test-method is-config="true" signature="createResponseSpec()[pri:0, instance:ResponseSpecification29.DemoResponseSpec@52bf72b5]" started-at="2024-10-08T17:40:58 IST" name="createResponseSpec" finished-at="2024-10-08T17:40:59 IST" duration-ms="890" status="PASS">
          <reporter-output>
          </reporter-output>
        </test-method> <!-- createResponseSpec -->
        <test-method signature="getAllBookingIds()[pri:0, instance:ResponseSpecification29.DemoResponseSpec@52bf72b5]" started-at="2024-10-08T17:40:59 IST" name="getAllBookingIds" finished-at="2024-10-08T17:41:05 IST" duration-ms="6123" status="PASS">
          <reporter-output>
          </reporter-output>
        </test-method> <!-- getAllBookingIds -->
        <test-method signature="getBookingByFirstName()[pri:0, instance:ResponseSpecification29.DemoResponseSpec@52bf72b5]" started-at="2024-10-08T17:41:05 IST" name="getBookingByFirstName" finished-at="2024-10-08T17:41:07 IST" duration-ms="1525" status="PASS">
          <reporter-output>
          </reporter-output>
        </test-method> <!-- getBookingByFirstName -->
      </class> <!-- ResponseSpecification29.DemoResponseSpec -->
    </test> <!-- Default test -->
  </suite> <!-- Default suite -->
</testng-results>
